This is pdfeTeX, Version 3.141592-1.20a-rc7.2-2.2 (MiKTeX 2.4) (preloaded format=latex 2005.2.27)  27 FEB 2005 22:53
entering extended mode
**rapport2.tex
(rapport2.tex
LaTeX2e <2003/12/01>
Babel <v3.8a> and hyphenation patterns for english, french, german, ngerman, du
mylang, nohyphenation, loaded.
(C:\texmf\tex\latex\base\article.cls
Document Class: article 2004/02/16 v1.4f Standard LaTeX document class
(C:\texmf\tex\latex\base\size10.clo
File: size10.clo 2004/02/16 v1.4f Standard LaTeX file (size option)
)
\c@part=\count79
\c@section=\count80
\c@subsection=\count81
\c@subsubsection=\count82
\c@paragraph=\count83
\c@subparagraph=\count84
\c@figure=\count85
\c@table=\count86
\abovecaptionskip=\skip41
\belowcaptionskip=\skip42
\bibindent=\dimen102
) (C:\texmf\tex\latex\graphics\graphicx.sty
Package: graphicx 1999/02/16 v1.0f Enhanced LaTeX Graphics (DPC,SPQR)
(C:\texmf\tex\latex\graphics\keyval.sty
Package: keyval 1999/03/16 v1.13 key=value parser (DPC)
\KV@toks@=\toks14
)
(C:\texmf\tex\latex\graphics\graphics.sty
Package: graphics 2001/07/07 v1.0n Standard LaTeX Graphics (DPC,SPQR)
 (C:\texmf\tex\latex\graphics\trig.sty
Package: trig 1999/03/16 v1.09 sin cos tan (DPC)
) (C:\texmf\tex\latex\00miktex\graphics.cfg
File: graphics.cfg 2003/03/12 v1.1 MiKTeX 'graphics' configuration
)
Package graphics Info: Driver file: pdftex.def on input line 80.

(C:\texmf\tex\latex\graphics\pdftex.def
File: pdftex.def 2002/06/19 v0.03k graphics/color for pdftex
\Gread@gobject=\count87
))
\Gin@req@height=\dimen103
\Gin@req@width=\dimen104
)
(C:\texmf\tex\latex\base\inputenc.sty
Package: inputenc 2004/02/05 v1.0d Input encoding file
 (C:\texmf\tex\latex\base\latin1.def
File: latin1.def 2004/02/05 v1.0d Input encoding file
))
(C:\texmf\tex\generic\babel\babel.sty
Package: babel 2004/02/19 v3.8a The Babel package
 (C:\texmf\tex\generic\babel\frenchb.ldf
Language: french 2004/04/02 v1.6f French support from the babel system

(C:\texmf\tex\generic\babel\babel.def
File: babel.def 2004/02/19 v3.8a Babel common definitions
\babel@savecnt=\count88
\U@D=\dimen105
)
Package babel Info: Making : an active character on input line 219.
Package babel Info: Making ; an active character on input line 220.
Package babel Info: Making ! an active character on input line 221.
Package babel Info: Making ? an active character on input line 222.
LaTeX Font Info:    Redeclaring font encoding T1 on input line 299.
\parindentFFN=\dimen106
\std@mcc=\count89
\dec@mcc=\count90

*************************************
* Local config file frenchb.cfg used
*
(C:\texmf\tex\generic\babel\frenchb.cfg))) (rapport2.aux)
LaTeX Font Info:    Checking defaults for OML/cmm/m/it on input line 10.
LaTeX Font Info:    ... okay on input line 10.
LaTeX Font Info:    Checking defaults for T1/lmr/m/n on input line 10.
LaTeX Font Info:    Try loading font information for T1+lmr on input line 10.

(C:\texmf\tex\latex\lm\t1lmr.fd
File: t1lmr.fd 2003/07/22 v1.1 Font defs for Latin Modern
)
LaTeX Font Info:    ... okay on input line 10.
LaTeX Font Info:    Checking defaults for OT1/cmr/m/n on input line 10.
LaTeX Font Info:    ... okay on input line 10.
LaTeX Font Info:    Checking defaults for OMS/cmsy/m/n on input line 10.
LaTeX Font Info:    ... okay on input line 10.
LaTeX Font Info:    Checking defaults for OMX/cmex/m/n on input line 10.
LaTeX Font Info:    ... okay on input line 10.
LaTeX Font Info:    Checking defaults for U/cmr/m/n on input line 10.
LaTeX Font Info:    ... okay on input line 10.
 (C:\texmf\tex\context\base\supp-pdf.tex
(C:\texmf\tex\context\base\supp-mis.tex
loading : Context Support Macros / Miscellaneous 
\protectiondepth=\count91
\scratchcounter=\count92
\scratchtoks=\toks15
\scratchdimen=\dimen107
\scratchskip=\skip43
\scratchmuskip=\muskip10
\scratchbox=\box26
\scratchread=\read1
\scratchwrite=\write3
\zeropoint=\dimen108
\onepoint=\dimen109
\onebasepoint=\dimen110
\minusone=\count93
\thousandpoint=\dimen111
\onerealpoint=\dimen112
\emptytoks=\toks16
\nextbox=\box27
\nextdepth=\dimen113
\everyline=\toks17
\!!counta=\count94
\!!countb=\count95
\recursecounter=\count96
)
loading : Context Support Macros / PDF (2004.03.26)
\nofMPsegments=\count97
\nofMParguments=\count98
\everyMPtoPDFconversion=\toks18
)
LaTeX Info: Redefining \dots on input line 10.

Underfull \hbox (badness 10000) in paragraph at lines 13--14

 []


Underfull \hbox (badness 10000) in paragraph at lines 17--18

 []


Underfull \hbox (badness 10000) in paragraph at lines 31--32

 []


Underfull \hbox (badness 10000) in paragraph at lines 35--36

 []


Underfull \hbox (badness 10000) in paragraph at lines 39--41

 []

[1

{sfonts.map}] <types.jpg, id=20, 417.81094pt x 292.84406pt>
File: types.jpg Graphic file (type jpg)
 <use types.jpg>
Overfull \hbox (72.80992pt too wide) in paragraph at lines 45--46
 [] 
 []


Overfull \hbox (64.49643pt too wide) in paragraph at lines 69--69
[]\OT1/cmtt/m/n/10 typedef enum { VIDE = 0, FLOTTANT, ENTIER, CHAINE, COLONNE_R
EF } e_basic_type;[] 
 []


Overfull \hbox (17.24684pt too wide) in paragraph at lines 69--69
[]   \OT1/cmtt/m/n/10 char              * col_ref; /* ONLY USED IN SCALAR, NOT 
ATOM ! */[] 
 []

[2 <types.jpg>]
Underfull \hbox (badness 10000) in paragraph at lines 71--73

 []


Underfull \hbox (badness 10000) in paragraph at lines 95--96

 []

[3]
LaTeX Font Info:    External font `cmex10' loaded for size
(Font)              <7> on input line 111.
LaTeX Font Info:    External font `cmex10' loaded for size
(Font)              <5> on input line 111.

Underfull \hbox (badness 10000) in paragraph at lines 119--127

 []

[4]
Overfull \hbox (27.74675pt too wide) in paragraph at lines 183--183
[]\OT1/cmtt/m/n/10 { SetColumnDefinitionFlag(FLAG_UNSIGNED | FLAG_ZEROFILL,1,&g
l_query); }[] 
 []


Underfull \hbox (badness 10000) in paragraph at lines 185--187

 []


Underfull \hbox (badness 10000) in paragraph at lines 188--197

 []

[5]
Overfull \hbox (6.74693pt too wide) in paragraph at lines 199--199
[]\OT1/cmtt/m/n/10 SetColumnDefinitionFlag(FLAG_UNSIGNED | FLAG_ZEROFILL,1,&gl_
query);[] 
 []


Underfull \hbox (badness 10000) in paragraph at lines 201--202

 []


Underfull \hbox (badness 10000) in paragraph at lines 205--207

 []

<screen1.jpg, id=39, 462.97969pt x 225.84375pt>
File: screen1.jpg Graphic file (type jpg)
 <use screen1.jpg>
Overfull \hbox (117.97855pt too wide) in paragraph at lines 210--211
 [] 
 []


Underfull \hbox (badness 10000) in paragraph at lines 215--217

 []

[6 <screen1.jpg>]
Underfull \hbox (badness 10000) in paragraph at lines 230--231

 []


Underfull \hbox (badness 10000) in paragraph at lines 244--246

 []

[7]
Underfull \hbox (badness 10000) in paragraph at lines 254--256

 []

[8] (rapport2.aux) ) 
Here is how much of TeX's memory you used:
 1554 strings out of 95519
 17838 string characters out of 1189651
 71853 words of memory out of 1073069
 4630 multiletter control sequences out of 35000
 5926 words of font info for 22 fonts, out of 500000 for 1000
 14 hyphenation exceptions out of 607
 25i,6n,24p,705b,237s stack positions out of 1500i,500n,5000p,200000b,32768s
 49 PDF objects out of 300000
 0 named destinations out of 300000
 11 words of extra memory for PDF output out of 65536
<C:\texmf\fonts\type1\bluesky\cm\cmmi10.pfb><C:\texmf\fonts
\type1\bluesky\cm\cmr8.pfb><C:\texmf\fonts\type1\bluesky\cm\cmcsc10.pfb><C:\tex
mf\fonts\type1\bluesky\cm\cmtt10.pfb><C:\texmf\fonts\type1\bluesky\cm\cmbx10.pf
b><C:\texmf\fonts\type1\bluesky\cm\cmr10.pfb><C:\texmf\fonts\type1\bluesky\cm\c
mbx12.pfb>
Output written on rapport2.pdf (8 pages, 145069 bytes).
