This is pdfeTeX, Version 3.141592-1.20a-rc7.2-2.2 (MiKTeX 2.4) (preloaded format=latex 2005.2.27)  28 FEB 2005 13:27
entering extended mode
**rapport2.tex
(rapport2.tex
LaTeX2e <2003/12/01>
Babel <v3.8a> and hyphenation patterns for english, french, german, ngerman, du
mylang, nohyphenation, loaded.
(C:\texmf\tex\latex\base\article.cls
Document Class: article 2004/02/16 v1.4f Standard LaTeX document class
(C:\texmf\tex\latex\base\size11.clo
File: size11.clo 2004/02/16 v1.4f Standard LaTeX file (size option)
)
\c@part=\count79
\c@section=\count80
\c@subsection=\count81
\c@subsubsection=\count82
\c@paragraph=\count83
\c@subparagraph=\count84
\c@figure=\count85
\c@table=\count86
\abovecaptionskip=\skip41
\belowcaptionskip=\skip42
\bibindent=\dimen102
) (C:\texmf\tex\generic\babel\babel.sty
Package: babel 2004/02/19 v3.8a The Babel package

(C:\texmf\tex\generic\babel\frenchb.ldf
Language: french 2004/04/02 v1.6f French support from the babel system
 (C:\texmf\tex\generic\babel\babel.def
File: babel.def 2004/02/19 v3.8a Babel common definitions
\babel@savecnt=\count87
\U@D=\dimen103
)
Package babel Info: Making : an active character on input line 219.
Package babel Info: Making ; an active character on input line 220.
Package babel Info: Making ! an active character on input line 221.
Package babel Info: Making ? an active character on input line 222.
LaTeX Font Info:    Redeclaring font encoding T1 on input line 299.
\parindentFFN=\dimen104
\std@mcc=\count88
\dec@mcc=\count89

*************************************
* Local config file frenchb.cfg used
*
(C:\texmf\tex\generic\babel\frenchb.cfg)))
(C:\texmf\tex\latex\fancyhdr\fancyhdr.sty
\fancy@headwidth=\skip43
\f@ncyO@elh=\skip44
\f@ncyO@erh=\skip45
\f@ncyO@olh=\skip46
\f@ncyO@orh=\skip47
\f@ncyO@elf=\skip48
\f@ncyO@erf=\skip49
\f@ncyO@olf=\skip50
\f@ncyO@orf=\skip51
)
(C:\texmf\tex\latex\geometry\geometry.sty
Package: geometry 2002/07/08 v3.2 Page Geometry

(C:\texmf\tex\latex\graphics\keyval.sty
Package: keyval 1999/03/16 v1.13 key=value parser (DPC)
\KV@toks@=\toks14
)
\Gm@cnth=\count90
\Gm@cntv=\count91
\c@Gm@tempcnt=\count92
\Gm@bindingoffset=\dimen105
\Gm@wd@mp=\dimen106
\Gm@odd@mp=\dimen107
\Gm@even@mp=\dimen108
\Gm@dimlist=\toks15

(C:\texmf\tex\latex\geometry\geometry.cfg))
(C:\texmf\tex\latex\graphics\graphicx.sty
Package: graphicx 1999/02/16 v1.0f Enhanced LaTeX Graphics (DPC,SPQR)

(C:\texmf\tex\latex\graphics\graphics.sty
Package: graphics 2001/07/07 v1.0n Standard LaTeX Graphics (DPC,SPQR)
 (C:\texmf\tex\latex\graphics\trig.sty
Package: trig 1999/03/16 v1.09 sin cos tan (DPC)
) (C:\texmf\tex\latex\00miktex\graphics.cfg
File: graphics.cfg 2003/03/12 v1.1 MiKTeX 'graphics' configuration
)
Package graphics Info: Driver file: pdftex.def on input line 80.

(C:\texmf\tex\latex\graphics\pdftex.def
File: pdftex.def 2002/06/19 v0.03k graphics/color for pdftex
\Gread@gobject=\count93
))
\Gin@req@height=\dimen109
\Gin@req@width=\dimen110
)
(C:\texmf\tex\latex\graphics\color.sty
Package: color 1999/02/16 v1.0i Standard LaTeX Color (DPC)
 (C:\texmf\tex\latex\00miktex\color.cfg
File: color.cfg 2003/03/08 v1.0 MiKTeX 'color' configuration
)
Package color Info: Driver file: pdftex.def on input line 125.
) (C:\texmf\tex\latex\amsfonts\amsfonts.sty
Package: amsfonts 2001/10/25 v2.2f
\@emptytoks=\toks16
\symAMSa=\mathgroup4
\symAMSb=\mathgroup5
LaTeX Font Info:    Overwriting math alphabet `\mathfrak' in version `bold'
(Font)                  U/euf/m/n --> U/euf/b/n on input line 132.
)
(C:\texmf\tex\latex\base\fontenc.sty
Package: fontenc 2004/02/22 v1.99f Standard LaTeX package
 (C:\texmf\tex\latex\base\t1enc.def
File: t1enc.def 2004/02/22 v1.99f Standard LaTeX file
LaTeX Font Info:    Redeclaring font encoding T1 on input line 43.
))
(rapport2.aux)
LaTeX Font Info:    Checking defaults for OML/cmm/m/it on input line 13.
LaTeX Font Info:    ... okay on input line 13.
LaTeX Font Info:    Checking defaults for T1/lmr/m/n on input line 13.
LaTeX Font Info:    Try loading font information for T1+lmr on input line 13.
 (C:\texmf\tex\latex\lm\t1lmr.fd
File: t1lmr.fd 2003/07/22 v1.1 Font defs for Latin Modern
)
LaTeX Font Info:    ... okay on input line 13.
LaTeX Font Info:    Checking defaults for OT1/cmr/m/n on input line 13.
LaTeX Font Info:    ... okay on input line 13.
LaTeX Font Info:    Checking defaults for OMS/cmsy/m/n on input line 13.
LaTeX Font Info:    ... okay on input line 13.
LaTeX Font Info:    Checking defaults for OMX/cmex/m/n on input line 13.
LaTeX Font Info:    ... okay on input line 13.
LaTeX Font Info:    Checking defaults for U/cmr/m/n on input line 13.
LaTeX Font Info:    ... okay on input line 13.
LaTeX Info: Redefining \dots on input line 13.
-------------------- Geometry parameters
paper: class default
landscape: --
twocolumn: --
twoside: --
asymmetric: --
h-parts: 92.14519pt, 0.7\paperwidth , 92.14519pt (default)
v-parts: 95.39737pt, 0.7\paperheight , 143.09605pt (default)
hmarginratio: 1:1
vmarginratio: 2:3
lines: --
heightrounded: --
bindingoffset: 0.0pt
truedimen: --
includehead: --
includefoot: --
includemp: --
driver: pdftex
-------------------- Page layout dimensions and switches
\paperwidth  614.295pt
\paperheight 794.96999pt
\textwidth  430.00462pt
\textheight 556.47656pt
\oddsidemargin  19.8752pt
\evensidemargin 19.8752pt
\topmargin  -13.87262pt
\headheight 12.0pt
\headsep    25.0pt
\footskip   30.0pt
\marginparwidth 59.0pt
\marginparsep   10.0pt
\columnsep  10.0pt
\skip\footins  10.0pt plus 4.0pt minus 2.0pt
\hoffset 0.0pt
\voffset 0.0pt
\mag 1000

(1in=72.27pt, 1cm=28.45pt)
-----------------------

(C:\texmf\tex\context\base\supp-pdf.tex (C:\texmf\tex\context\base\supp-mis.tex
loading : Context Support Macros / Miscellaneous 
\protectiondepth=\count94
\scratchcounter=\count95
\scratchtoks=\toks17
\scratchdimen=\dimen111
\scratchskip=\skip52
\scratchmuskip=\muskip10
\scratchbox=\box26
\scratchread=\read1
\scratchwrite=\write3
\zeropoint=\dimen112
\onepoint=\dimen113
\onebasepoint=\dimen114
\minusone=\count96
\thousandpoint=\dimen115
\onerealpoint=\dimen116
\emptytoks=\toks18
\nextbox=\box27
\nextdepth=\dimen117
\everyline=\toks19
\!!counta=\count97
\!!countb=\count98
\recursecounter=\count99
)
loading : Context Support Macros / PDF (2004.03.26)
\nofMPsegments=\count100
\nofMParguments=\count101
\everyMPtoPDFconversion=\toks20
) <logo.jpg, id=1, 401.5pt x 451.6875pt>
File: logo.jpg Graphic file (type jpg)
 <use logo.jpg>

Package Fancyhdr Warning: \headheight is too small (12.0pt): 
 Make it at least 18.0pt.
 We now make it that large for the rest of the document.
 This may cause the page layout to be inconsistent, however.

[1{sfonts.map}

 <logo.jpg>] (rapport2.toc
LaTeX Font Info:    Try loading font information for U+msa on input line 4.
 (C:\texmf\tex\latex\amsfonts\umsa.fd
File: umsa.fd 2002/01/19 v2.2g AMS font definitions
)
LaTeX Font Info:    Try loading font information for U+msb on input line 4.

(C:\texmf\tex\latex\amsfonts\umsb.fd
File: umsb.fd 2002/01/19 v2.2g AMS font definitions
))
\tf@toc=\write4


Package Fancyhdr Warning: \headheight is too small (18.0pt): 
 Make it at least 22.59854pt.
 We now make it that large for the rest of the document.
 This may cause the page layout to be inconsistent, however.

[2] [3]
Underfull \hbox (badness 10000) in paragraph at lines 78--89

 []

[4]
Underfull \hbox (badness 10000) in paragraph at lines 116--121

 []


Underfull \hbox (badness 10000) in paragraph at lines 130--135

 []

[5]
Underfull \hbox (badness 10000) in paragraph at lines 152--155

 []


Underfull \hbox (badness 10000) in paragraph at lines 155--159

 []

[6] <Schema.jpg, id=30, 461.725pt x 401.5pt>
File: Schema.jpg Graphic file (type jpg)
 <use Schema.jpg>
Overfull \hbox (31.71925pt too wide) in paragraph at lines 173--174
 [] 
 []

[7 <Schema.jpg>]
Underfull \hbox (badness 10000) in paragraph at lines 184--186

 []


Underfull \hbox (badness 10000) in paragraph at lines 187--188

 []


Underfull \hbox (badness 10000) in paragraph at lines 189--195

 []


Underfull \hbox (badness 10000) in paragraph at lines 195--199

 []


Underfull \hbox (badness 10000) in paragraph at lines 200--202

 []


Overfull \hbox (1.40541pt too wide) in paragraph at lines 203--209
[]\T1/cmr/m/n/10.95 Le deuxième point prin-ci-pal pour l'abou-tis-se-ment de ce
tte deuxième sou-te-nance concerne
 []


Underfull \hbox (badness 10000) in paragraph at lines 203--209

 []

LaTeX Font Info:    Try loading font information for T1+cmtt on input line 210.

(C:\texmf\tex\latex\base\t1cmtt.fd
File: t1cmtt.fd 1999/05/25 v2.5h Standard LaTeX font definitions
)
Underfull \hbox (badness 10000) in paragraph at lines 225--231

 []

[8]
Underfull \hbox (badness 10000) in paragraph at lines 231--232

 []


Underfull \hbox (badness 10000) in paragraph at lines 239--245

 []

[9]
Underfull \hbox (badness 10000) in paragraph at lines 264--267

 []

[10]
Underfull \hbox (badness 10000) in paragraph at lines 277--279

 []


Underfull \hbox (badness 10000) in paragraph at lines 281--293

 []


Underfull \hbox (badness 10000) in paragraph at lines 296--299

 []


Underfull \hbox (badness 10000) in paragraph at lines 310--314

 []

[11] [12] [13] [14]
Underfull \hbox (badness 10000) in paragraph at lines 483--484

 []


Underfull \hbox (badness 10000) in paragraph at lines 487--488

 []


Underfull \hbox (badness 10000) in paragraph at lines 489--491

 []


Underfull \hbox (badness 10000) in paragraph at lines 505--506

 []


Underfull \hbox (badness 10000) in paragraph at lines 507--509

 []


Underfull \hbox (badness 10000) in paragraph at lines 510--511

 []


Underfull \hbox (badness 10000) in paragraph at lines 515--517

 []

<types.jpg, id=58, 417.81094pt x 292.84406pt>
File: types.jpg Graphic file (type jpg)
 <use types.jpg> [15] [16 <types.jpg>]
Underfull \hbox (badness 10000) in paragraph at lines 547--549

 []


Overfull \hbox (4.5849pt too wide) in paragraph at lines 563--564
[]\T1/cmr/m/n/10.95 Le sym-bôle $$ per-met de dé-ter-mi-ner la don-née que l'ét
at ren-voit. La struc-ture s_univdata
 []


Underfull \hbox (badness 10000) in paragraph at lines 563--564

 []

[17]
Underfull \hbox (badness 10000) in paragraph at lines 587--595

 []


Underfull \hbox (badness 10000) in paragraph at lines 598--600

 []

[18]
Underfull \hbox (badness 10000) in paragraph at lines 636--638

 []


Underfull \hbox (badness 10000) in paragraph at lines 639--648

 []


Underfull \hbox (badness 10000) in paragraph at lines 653--654

 []


Underfull \hbox (badness 10000) in paragraph at lines 655--657

 []


Underfull \hbox (badness 10000) in paragraph at lines 658--660

 []

[19] <screen1.jpg, id=81, 462.97969pt x 225.84375pt>
File: screen1.jpg Graphic file (type jpg)
 <use screen1.jpg>
Overfull \hbox (32.97392pt too wide) in paragraph at lines 663--664
 [] 
 []


Underfull \hbox (badness 10000) in paragraph at lines 668--670

 []


Underfull \hbox (badness 10000) in paragraph at lines 671--673

 []


Underfull \hbox (badness 10000) in paragraph at lines 674--676

 []


Underfull \hbox (badness 10000) in paragraph at lines 677--678

 []


Underfull \hbox (badness 10000) in paragraph at lines 684--685

 []

[20 <screen1.jpg>]
Underfull \hbox (badness 10000) in paragraph at lines 686--687

 []


Underfull \hbox (badness 10000) in paragraph at lines 700--704

 []


Underfull \hbox (badness 10000) in paragraph at lines 707--708

 []


Underfull \hbox (badness 10000) in paragraph at lines 709--717

 []


Underfull \hbox (badness 10000) in paragraph at lines 719--720

 []


Underfull \hbox (badness 10000) in paragraph at lines 721--723

 []

[21]
Underfull \hbox (badness 10000) in paragraph at lines 726--728

 []

[22]
Underfull \hbox (badness 10000) in paragraph at lines 759--763

 []


Underfull \hbox (badness 10000) in paragraph at lines 764--767

 []


Underfull \hbox (badness 10000) in paragraph at lines 770--774

 []


Underfull \hbox (badness 10000) in paragraph at lines 786--788

 []


Underfull \hbox (badness 10000) in paragraph at lines 794--799

 []

[23]
Underfull \hbox (badness 10000) in paragraph at lines 799--803

 []


Underfull \hbox (badness 10000) in paragraph at lines 826--833

 []

[24] [25]
Underfull \hbox (badness 10000) in paragraph at lines 888--891

 []


Overfull \hbox (13.32472pt too wide) in paragraph at lines 894--902
[]\T1/cmr/m/n/10.95 Il faut sa-voir que les don-nées re-la-tives à une table so
nt sto-ckées dans le fi-chier \T1/cmr/m/it/10.95 ma_table.data
 []


Underfull \hbox (badness 10000) in paragraph at lines 905--909

 []


Underfull \hbox (badness 10000) in paragraph at lines 909--913

 []

[26]
Underfull \hbox (badness 10000) in paragraph at lines 943--949

 []


Underfull \hbox (badness 10000) in paragraph at lines 949--953

 []


Underfull \hbox (badness 10000) in paragraph at lines 966--969

 []


Underfull \hbox (badness 10000) in paragraph at lines 969--970

 []

[27] [28] [29] (rapport2.aux) ) 
Here is how much of TeX's memory you used:
 2385 strings out of 95519
 27258 string characters out of 1189651
 82764 words of memory out of 1082444
 5374 multiletter control sequences out of 35000
 17553 words of font info for 45 fonts, out of 500000 for 1000
 14 hyphenation exceptions out of 607
 28i,13n,43p,613b,465s stack positions out of 1500i,500n,5000p,200000b,32768s
 112 PDF objects out of 300000
 0 named destinations out of 300000
 21 words of extra memory for PDF output out of 65536
<C:\texmf\fonts\type1\bluesky\cm\cmr10.pfb><C:\t
exmf\fonts\type1\bluesky\cm\cmmi10.pfb> <C:\localtexmf\fonts\pk\ljfour\jknappen
\ec\dpi600\ectt1095.pk> <C:\localtexmf\fonts\pk\ljfour\jknappen\ec\dpi600\ecti1
095.pk> <C:\localtexmf\fonts\pk\ljfour\jknappen\ec\dpi600\ecbx1200.pk> <C:\loca
ltexmf\fonts\pk\ljfour\jknappen\ec\dpi600\ecbx1095.pk> <C:\localtexmf\fonts\pk\
ljfour\jknappen\ec\dpi600\ecrm0900.pk> <C:\localtexmf\fonts\pk\ljfour\jknappen\
ec\dpi600\eccc0900.pk> <C:\localtexmf\fonts\pk\ljfour\jknappen\ec\dpi600\eccc10
95.pk> <C:\localtexmf\fonts\pk\ljfour\jknappen\ec\dpi600\ecrm1095.pk> <C:\local
texmf\fonts\pk\ljfour\jknappen\ec\dpi600\ecbx1440.pk> <C:\localtexmf\fonts\pk\l
jfour\jknappen\ec\dpi600\eccc1440.pk>
Output written on rapport2.pdf (29 pages, 399980 bytes).
